2016-03-30 19:25:44.032  INFO 95221 --- [in.clouthink.daas.fss.sample.Application.main()] i.clouthink.daas.fss.sample.Application  : Starting Application on dzdeMacBook-Pro.local with PID 95221 (/Users/dz/project/daas/coding.net/daas-fss/module/sample/target/classes started by dz in /Users/dz/project/daas/coding.net/daas-fss/module/sample)
2016-03-30 19:25:44.036 DEBUG 95221 --- [in.clouthink.daas.fss.sample.Application.main()] i.clouthink.daas.fss.sample.Application  : Running with Spring Boot v1.2.8.RELEASE, Spring v4.1.9.RELEASE
2016-03-30 19:25:44.155  INFO 95221 --- [in.clouthink.daas.fss.sample.Application.main()] ationConfigEmbeddedWebApplicationContext : Refreshing org.springframework.boot.context.embedded.AnnotationConfigEmbeddedWebApplicationContext@6a1f902: startup date [Wed Mar 30 19:25:44 CST 2016]; root of context hierarchy
2016-03-30 19:25:48.006  INFO 95221 --- [in.clouthink.daas.fss.sample.Application.main()] s.b.c.e.t.TomcatEmbeddedServletContainer : Tomcat initialized with port(s): 8080 (http)
2016-03-30 19:25:48.418  INFO 95221 --- [in.clouthink.daas.fss.sample.Application.main()] o.apache.catalina.core.StandardService   : Starting service Tomcat
2016-03-30 19:25:48.419  INFO 95221 --- [in.clouthink.daas.fss.sample.Application.main()] org.apache.catalina.core.StandardEngine  : Starting Servlet Engine: Apache Tomcat/8.0.30
2016-03-30 19:25:48.608  INFO 95221 --- [localhost-startStop-1] o.a.c.c.C.[Tomcat].[localhost].[/]       : Initializing Spring embedded WebApplicationContext
2016-03-30 19:25:48.612  INFO 95221 --- [localhost-startStop-1] o.s.web.context.ContextLoader            : Root WebApplicationContext: initialization completed in 4462 ms
2016-03-30 19:25:48.818  INFO 95221 --- [localhost-startStop-1] o.s.b.c.e.ServletRegistrationBean        : Mapping servlet: 'dispatcherServlet' to [/]
2016-03-30 19:25:48.825  INFO 95221 --- [localhost-startStop-1] o.s.b.c.embedded.FilterRegistrationBean  : Mapping filter: 'characterEncodingFilter' to: [/*]
2016-03-30 19:25:50.847  INFO 95221 --- [in.clouthink.daas.fss.sample.Application.main()] s.w.s.m.m.a.RequestMappingHandlerMapping : Mapped "{[/api/files],methods=[POST]}" onto public java.lang.String in.clouthink.daas.fss.rest.SharedFileStorageRestService.upload(in.clouthink.daas.fss.rest.UploadFileRequest,javax.servlet.http.HttpServletRequest,javax.servlet.http.HttpServletResponse) throws java.io.IOException
2016-03-30 19:25:50.848  INFO 95221 --- [in.clouthink.daas.fss.sample.Application.main()] s.w.s.m.m.a.RequestMappingHandlerMapping : Mapped "{[/api/files/{id}/object],methods=[POST]}" onto public in.clouthink.daas.fss.core.FileObject in.clouthink.daas.fss.rest.SharedFileStorageRestService.getFileObjectDetail(java.lang.String,javax.servlet.http.HttpServletRequest,javax.servlet.http.HttpServletResponse) throws java.io.IOException
2016-03-30 19:25:50.849  INFO 95221 --- [in.clouthink.daas.fss.sample.Application.main()] s.w.s.m.m.a.RequestMappingHandlerMapping : Mapped "{[/api/files/{id}],methods=[POST]}" onto public void in.clouthink.daas.fss.rest.SharedFileStorageRestService.reupload(java.lang.String,in.clouthink.daas.fss.rest.UploadFileRequest,javax.servlet.http.HttpServletRequest,javax.servlet.http.HttpServletResponse) throws java.io.IOException
2016-03-30 19:25:50.849  INFO 95221 --- [in.clouthink.daas.fss.sample.Application.main()] s.w.s.m.m.a.RequestMappingHandlerMapping : Mapped "{[/api/files/{id}/history],methods=[POST]}" onto public java.util.List<in.clouthink.daas.fss.core.FileObjectHistory> in.clouthink.daas.fss.rest.SharedFileStorageRestService.getFileObjectHistory(java.lang.String,javax.servlet.http.HttpServletRequest,javax.servlet.http.HttpServletResponse) throws java.io.IOException
2016-03-30 19:25:50.850  INFO 95221 --- [in.clouthink.daas.fss.sample.Application.main()] s.w.s.m.m.a.RequestMappingHandlerMapping : Mapped "{[/api/files/{id}],methods=[GET]}" onto public void in.clouthink.daas.fss.rest.SharedFileStorageRestService.downloadById(java.lang.String,javax.servlet.http.HttpServletRequest,javax.servlet.http.HttpServletResponse) throws java.io.IOException
2016-03-30 19:25:50.851  INFO 95221 --- [in.clouthink.daas.fss.sample.Application.main()] s.w.s.m.m.a.RequestMappingHandlerMapping : Mapped "{[/api/download/{filename:.+}],methods=[GET]}" onto public void in.clouthink.daas.fss.rest.SharedFileStorageRestService.downloadByFilename(java.lang.String,javax.servlet.http.HttpServletRequest,javax.servlet.http.HttpServletResponse) throws java.io.IOException
2016-03-30 19:25:50.858  INFO 95221 --- [in.clouthink.daas.fss.sample.Application.main()] s.w.s.m.m.a.RequestMappingHandlerMapping : Mapped "{[/error]}" onto public org.springframework.http.ResponseEntity<java.util.Map<java.lang.String, java.lang.Object>> org.springframework.boot.autoconfigure.web.BasicErrorController.error(javax.servlet.http.HttpServletRequest)
2016-03-30 19:25:50.859  INFO 95221 --- [in.clouthink.daas.fss.sample.Application.main()] s.w.s.m.m.a.RequestMappingHandlerMapping : Mapped "{[/error],produces=[text/html]}" onto public org.springframework.web.servlet.ModelAndView org.springframework.boot.autoconfigure.web.BasicErrorController.errorHtml(javax.servlet.http.HttpServletRequest,javax.servlet.http.HttpServletResponse)
2016-03-30 19:25:51.773  INFO 95221 --- [in.clouthink.daas.fss.sample.Application.main()] s.w.s.m.m.a.RequestMappingHandlerAdapter : Looking for @ControllerAdvice: org.springframework.boot.context.embedded.AnnotationConfigEmbeddedWebApplicationContext@6a1f902: startup date [Wed Mar 30 19:25:44 CST 2016]; root of context hierarchy
2016-03-30 19:25:51.889  INFO 95221 --- [in.clouthink.daas.fss.sample.Application.main()] .m.m.a.ExceptionHandlerExceptionResolver : Detected @ExceptionHandler methods in restExceptionHandler
2016-03-30 19:25:53.179  INFO 95221 --- [in.clouthink.daas.fss.sample.Application.main()] o.s.j.e.a.AnnotationMBeanExporter        : Registering beans for JMX exposure on startup
2016-03-30 19:25:53.291  INFO 95221 --- [in.clouthink.daas.fss.sample.Application.main()] s.b.c.e.t.TomcatEmbeddedServletContainer : Tomcat started on port(s): 8080 (http)
2016-03-30 19:25:53.293  INFO 95221 --- [in.clouthink.daas.fss.sample.Application.main()] i.clouthink.daas.fss.sample.Application  : Started Application in 10.021 seconds (JVM running for 16.239)
